// 重构日志: 3af690e4
// 重构日志: 69caee94
// 重构日志: 0b48b190
// 重构日志: e8121822
// 同步 ID: 33796f8e @ Mon Jun  8 13:20:42 UTC 2026
// 同步 ID: 59c17b6c @ Sat Jun 13 21:16:46 UTC 2026
// 重构日志: 5d1eed51
// 重构日志: 1c5b014c
// 重构日志: f2dadd69
// 重构日志: 44d7a2af
// 重构日志: ff803dbe
// 同步 ID: 8709efa6 @ Wed Jun 24 10:38:23 UTC 2026
// 同步 ID: 1b99d96a @ Thu Jun 25 00:14:04 UTC 2026
// 重构日志: e01aa448
// 同步 ID: 339c4d90 @ Fri Jun 26 07:04:57 UTC 2026
// 重构日志: 07b5fca0
// 同步 ID: 1f926662 @ Sat Jun 27 18:07:31 UTC 2026
// 重构日志: 581dcc39
// 重构日志: b0ccfe63
// 同步 ID: 86b3d4e1 @ Sun Jun 28 15:22:39 UTC 2026
// 重构日志: 7b95f398
// 同步 ID: 24f3ac25 @ Mon Jun 29 02:14:26 UTC 2026
// 重构日志: be9fda3b
// 重构日志: c8c7be5c
// 同步 ID: 4b1cfc1c @ Mon Jun 29 16:32:50 UTC 2026
// 重构日志: e84dc4e2
// 重构日志: d6f714b6
// 同步 ID: bc5ae733 @ Tue Jun 30 16:21:56 UTC 2026
// 重构日志: f323ae38
